Tue Dec 19 00:06:37 2017  Reading files 
Tue Dec 19 00:49:46 2017  Tansforming level  0
Tue Dec 19 00:50:07 2017  Tansforming set  training
Tue Dec 19 00:50:08 2017  Tansforming set  validation
Tue Dec 19 00:50:10 2017  Tansforming set  test
Tue Dec 19 00:50:13 2017  Tansforming level  1
Tue Dec 19 00:51:08 2017  Tansforming set  training
Tue Dec 19 00:51:11 2017  Tansforming set  validation
Tue Dec 19 00:51:14 2017  Tansforming set  test
Tue Dec 19 00:51:24 2017  Tansforming level  2
Tue Dec 19 00:53:11 2017  Tansforming set  training
Tue Dec 19 00:53:17 2017  Tansforming set  validation
Tue Dec 19 00:53:31 2017  Tansforming set  test
Tue Dec 19 00:53:59 2017  Tansforming level  3
Shape do problema: (760,)
Shape de cada cara: (9,)
Shape de cada cara: (11,)
Shape de cada cara: (13,)
Shape de cada cara: (14,)
Shape de cada cara: (5,)
Shape de cada cara: (6,)
Shape de cada cara: (6, 10, 4096)
Shape de cada cara: (9,)
Shape de cada cara: (12,)
Shape de cada cara: (12,)
Shape de cada cara: (7, 10, 4096)
Shape de cada cara: (14,)
Shape de cada cara: (8, 10, 4096)
Shape de cada cara: (15, 10, 4096)
Shape de cada cara: (4, 10, 4096)
Shape de cada cara: (6,)
Shape de cada cara: (2, 10, 4096)
Shape de cada cara: (9,)
Shape de cada cara: (13,)
Shape de cada cara: (19,)
Shape de cada cara: (11,)
Shape de cada cara: (15,)
Shape de cada cara: (15,)
Shape de cada cara: (18,)
Shape de cada cara: (14,)
Shape de cada cara: (6,)
Shape de cada cara: (4,)
Shape de cada cara: (3,)
Shape de cada cara: (8,)
Shape de cada cara: (9, 10, 4096)
Shape de cada cara: (13,)
Shape de cada cara: (9,)
Shape de cada cara: (8, 10, 4096)
Shape de cada cara: (16,)
Shape de cada cara: (11, 10, 4096)
Shape de cada cara: (9,)
Shape de cada cara: (7,)
Shape de cada cara: (9, 10, 4096)
Shape de cada cara: (6,)
Shape de cada cara: (10, 10, 4096)
Shape de cada cara: (17,)
Shape de cada cara: (9,)
Shape de cada cara: (12,)
Shape de cada cara: (4, 10, 4096)
Shape de cada cara: (12,)
Shape de cada cara: (8,)
Shape de cada cara: (15,)
Shape de cada cara: (11,)
Shape de cada cara: (9,)
Shape de cada cara: (11,)
Shape de cada cara: (13,)
Shape de cada cara: (18,)
Shape de cada cara: (4,)
Shape de cada cara: (14,)
Shape de cada cara: (7,)
Shape de cada cara: (10,)
Shape de cada cara: (4,)
Shape de cada cara: (5,)
Shape de cada cara: (14,)
Shape de cada cara: (8,)
Shape de cada cara: (5,)
Shape de cada cara: (15,)
Shape de cada cara: (10,)
Shape de cada cara: (10,)
Shape de cada cara: (16,)
Shape de cada cara: (13,)
Shape de cada cara: (5,)
Shape de cada cara: (6,)
Shape de cada cara: (11,)
Shape de cada cara: (4, 10, 4096)
Shape de cada cara: (8,)
Shape de cada cara: (10,)
Shape de cada cara: (10,)
Shape de cada cara: (5, 10, 4096)
Shape de cada cara: (6,)
Shape de cada cara: (8,)
Shape de cada cara: (3,)
Shape de cada cara: (14, 10, 4096)
Shape de cada cara: (7, 10, 4096)
Shape de cada cara: (11,)
Shape de cada cara: (9,)
Shape de cada cara: (10,)
Shape de cada cara: (8, 10, 4096)
Shape de cada cara: (9,)
Shape de cada cara: (14, 10, 4096)
Shape de cada cara: (12, 10, 4096)
Shape de cada cara: (9,)
Shape de cada cara: (4, 10, 4096)
Shape de cada cara: (7,)
Shape de cada cara: (6,)
Shape de cada cara: (3,)
Shape de cada cara: (8,)
Shape de cada cara: (5,)
Shape de cada cara: (10,)
Shape de cada cara: (10,)
Shape de cada cara: (15,)
Shape de cada cara: (3,)
Shape de cada cara: (15,)
Shape de cada cara: (5,)
Shape de cada cara: (12,)
Shape de cada cara: (10,)
Shape de cada cara: (11,)
Shape de cada cara: (15,)
Shape de cada cara: (11,)
Shape de cada cara: (12,)
Shape de cada cara: (12,)
Shape de cada cara: (4, 10, 4096)
Shape de cada cara: (6,)
Shape de cada cara: (6,)
Shape de cada cara: (6,)
Shape de cada cara: (11,)
Shape de cada cara: (12,)
Shape de cada cara: (6,)
Shape de cada cara: (5,)
Shape de cada cara: (4, 10, 4096)
Shape de cada cara: (8,)
Shape de cada cara: (5,)
Shape de cada cara: (9, 10, 4096)
Shape de cada cara: (5,)
Shape de cada cara: (9,)
Shape de cada cara: (9,)
Shape de cada cara: (23,)
Shape de cada cara: (7,)
Shape de cada cara: (14,)
Shape de cada cara: (24,)
Shape de cada cara: (4,)
Shape de cada cara: (12, 10, 4096)
Shape de cada cara: (12,)
Shape de cada cara: (16,)
Shape de cada cara: (17, 10, 4096)
Shape de cada cara: (11,)
Shape de cada cara: (17,)
Shape de cada cara: (11,)
Shape de cada cara: (15,)
Shape de cada cara: (5,)
Shape de cada cara: (5,)
Shape de cada cara: (6,)
Shape de cada cara: (10, 10, 4096)
Shape de cada cara: (13,)
Shape de cada cara: (13,)
Shape de cada cara: (4,)
Shape de cada cara: (6,)
Shape de cada cara: (8,)
Shape de cada cara: (15,)
Shape de cada cara: (6,)
Shape de cada cara: (12, 10, 4096)
Shape de cada cara: (14, 10, 4096)
Shape de cada cara: (12,)
Shape de cada cara: (9,)
Shape de cada cara: (7,)
Shape de cada cara: (5,)
Shape de cada cara: (13,)
Shape de cada cara: (10,)
Shape de cada cara: (14,)
Shape de cada cara: (11, 10, 4096)
Shape de cada cara: (13,)
Shape de cada cara: (8,)
Shape de cada cara: (10,)
Shape de cada cara: (9,)
Shape de cada cara: (11, 10, 4096)
Shape de cada cara: (9,)
Shape de cada cara: (4,)
Shape de cada cara: (10,)
Shape de cada cara: (7,)
Shape de cada cara: (4,)
Shape de cada cara: (11,)
Shape de cada cara: (9, 10, 4096)
Shape de cada cara: (7, 10, 4096)
Shape de cada cara: (5,)
Shape de cada cara: (5,)
Shape de cada cara: (14,)
Shape de cada cara: (14, 10, 4096)
Shape de cada cara: (5,)
Shape de cada cara: (9,)
Shape de cada cara: (9,)
Shape de cada cara: (5, 10, 4096)
Shape de cada cara: (10,)
Shape de cada cara: (5,)
Shape de cada cara: (5,)
Shape de cada cara: (14,)
Shape de cada cara: (10,)
Shape de cada cara: (5,)
Shape de cada cara: (4,)
Shape de cada cara: (4,)
Shape de cada cara: (18,)
Shape de cada cara: (14, 10, 4096)
Shape de cada cara: (13,)
Shape de cada cara: (4,)
Shape de cada cara: (5,)
Shape de cada cara: (6, 10, 4096)
Shape de cada cara: (6,)
Shape de cada cara: (9,)
Shape de cada cara: (11, 10, 4096)
Shape de cada cara: (5,)
Shape de cada cara: (9, 10, 4096)
Shape de cada cara: (13,)
Shape de cada cara: (6, 10, 4096)
Shape de cada cara: (5,)
Shape de cada cara: (9,)
Shape de cada cara: (15,)
Shape de cada cara: (7,)
Shape de cada cara: (16,)
Shape de cada cara: (9,)
Shape de cada cara: (10,)
Shape de cada cara: (5, 10, 4096)
Shape de cada cara: (8,)
Shape de cada cara: (10,)
Shape de cada cara: (9,)
Shape de cada cara: (7, 10, 4096)
Shape de cada cara: (11,)
Shape de cada cara: (9,)
Shape de cada cara: (10, 10, 4096)
Shape de cada cara: (7,)
Shape de cada cara: (5,)
Shape de cada cara: (4,)
Shape de cada cara: (3,)
Shape de cada cara: (5,)
Shape de cada cara: (4,)
Shape de cada cara: (11,)
Shape de cada cara: (11, 10, 4096)
Shape de cada cara: (12,)
Shape de cada cara: (8,)
Shape de cada cara: (7,)
Shape de cada cara: (10, 10, 4096)
Shape de cada cara: (9, 10, 4096)
Shape de cada cara: (10,)
Shape de cada cara: (10,)
Shape de cada cara: (12,)
Shape de cada cara: (6,)
Shape de cada cara: (10,)
Shape de cada cara: (8,)
Shape de cada cara: (12,)
Shape de cada cara: (13,)
Shape de cada cara: (15,)
Shape de cada cara: (6,)
Shape de cada cara: (7, 10, 4096)
Shape de cada cara: (6,)
Shape de cada cara: (9,)
Shape de cada cara: (6, 10, 4096)
Shape de cada cara: (9,)
Shape de cada cara: (17,)
Shape de cada cara: (11,)
Shape de cada cara: (8,)
Shape de cada cara: (14,)
Shape de cada cara: (5,)
Shape de cada cara: (3,)
Shape de cada cara: (13,)
Shape de cada cara: (14,)
Shape de cada cara: (10,)
Shape de cada cara: (9,)
Shape de cada cara: (7,)
Shape de cada cara: (4,)
Shape de cada cara: (10,)
Shape de cada cara: (4,)
Shape de cada cara: (5,)
Shape de cada cara: (7,)
Shape de cada cara: (6,)
Shape de cada cara: (10,)
Shape de cada cara: (4,)
Shape de cada cara: (8,)
Shape de cada cara: (5,)
Shape de cada cara: (3, 10, 4096)
Shape de cada cara: (10,)
Shape de cada cara: (4, 10, 4096)
Shape de cada cara: (6,)
Shape de cada cara: (11,)
Shape de cada cara: (11,)
Shape de cada cara: (12,)
Shape de cada cara: (11,)
Shape de cada cara: (8,)
Shape de cada cara: (9,)
Shape de cada cara: (16,)
Shape de cada cara: (6,)
Shape de cada cara: (10,)
Shape de cada cara: (11,)
Shape de cada cara: (5,)
Shape de cada cara: (4,)
Shape de cada cara: (15, 10, 4096)
Shape de cada cara: (9, 10, 4096)
Shape de cada cara: (9,)
Shape de cada cara: (13, 10, 4096)
Shape de cada cara: (6, 10, 4096)
Shape de cada cara: (5, 10, 4096)
Shape de cada cara: (9,)
Shape de cada cara: (10, 10, 4096)
Shape de cada cara: (12, 10, 4096)
Shape de cada cara: (11,)
Shape de cada cara: (8,)
Shape de cada cara: (10,)
Shape de cada cara: (8,)
Shape de cada cara: (8,)
Shape de cada cara: (11,)
Shape de cada cara: (5,)
Shape de cada cara: (4,)
Shape de cada cara: (7, 10, 4096)
Shape de cada cara: (6,)
Shape de cada cara: (4,)
Shape de cada cara: (15,)
Shape de cada cara: (5,)
Shape de cada cara: (10,)
Shape de cada cara: (14,)
Shape de cada cara: (8,)
Shape de cada cara: (9,)
Shape de cada cara: (12,)
Shape de cada cara: (12,)
Shape de cada cara: (12, 10, 4096)
Shape de cada cara: (9, 10, 4096)
Shape de cada cara: (5,)
Shape de cada cara: (10,)
Shape de cada cara: (7,)
Shape de cada cara: (5,)
Shape de cada cara: (9,)
Shape de cada cara: (10,)
Shape de cada cara: (10,)
Shape de cada cara: (10,)
Shape de cada cara: (12,)
Shape de cada cara: (5,)
Shape de cada cara: (9,)
Shape de cada cara: (11,)
Shape de cada cara: (14,)
Shape de cada cara: (3,)
Shape de cada cara: (8, 10, 4096)
Shape de cada cara: (7,)
Shape de cada cara: (5,)
Shape de cada cara: (6,)
Shape de cada cara: (4,)
Shape de cada cara: (17,)
Shape de cada cara: (12,)
Shape de cada cara: (6,)
Shape de cada cara: (10,)
Shape de cada cara: (8,)
Shape de cada cara: (5, 10, 4096)
Shape de cada cara: (14,)
Shape de cada cara: (11,)
Shape de cada cara: (18,)
Shape de cada cara: (7, 10, 4096)
Shape de cada cara: (9,)
Shape de cada cara: (11,)
Shape de cada cara: (14,)
Shape de cada cara: (4,)
Shape de cada cara: (9,)
Shape de cada cara: (14,)
Shape de cada cara: (9,)
Shape de cada cara: (9,)
Shape de cada cara: (11,)
Shape de cada cara: (6,)
Shape de cada cara: (10,)
Shape de cada cara: (10,)
Shape de cada cara: (10,)
Shape de cada cara: (14, 10, 4096)
Shape de cada cara: (6,)
Shape de cada cara: (9,)
Shape de cada cara: (9,)
Shape de cada cara: (6,)
Shape de cada cara: (5,)
Shape de cada cara: (8,)
Shape de cada cara: (7,)
Shape de cada cara: (4, 10, 4096)
Shape de cada cara: (8,)
Shape de cada cara: (9,)
Shape de cada cara: (4,)
Shape de cada cara: (9,)
Shape de cada cara: (10, 10, 4096)
Shape de cada cara: (7, 10, 4096)
Shape de cada cara: (12,)
Shape de cada cara: (10,)
Shape de cada cara: (8,)
Shape de cada cara: (12,)
Shape de cada cara: (10,)
Shape de cada cara: (15,)
Shape de cada cara: (8,)
Shape de cada cara: (10,)
Shape de cada cara: (8, 10, 4096)
Shape de cada cara: (16,)
Shape de cada cara: (14,)
Shape de cada cara: (9,)
Shape de cada cara: (6,)
Shape de cada cara: (14,)
Shape de cada cara: (13, 10, 4096)
Shape de cada cara: (7,)
Shape de cada cara: (14,)
Shape de cada cara: (4,)
Shape de cada cara: (5, 10, 4096)
Shape de cada cara: (12,)
Shape de cada cara: (8,)
Shape de cada cara: (6, 10, 4096)
Shape de cada cara: (9,)
Shape de cada cara: (17, 10, 4096)
Shape de cada cara: (7, 10, 4096)
Shape de cada cara: (10, 10, 4096)
Shape de cada cara: (21,)
Shape de cada cara: (10,)
Shape de cada cara: (20, 10, 4096)
Shape de cada cara: (16,)
Shape de cada cara: (13,)
Shape de cada cara: (9,)
Shape de cada cara: (19,)
Shape de cada cara: (13,)
Shape de cada cara: (9,)
Shape de cada cara: (16, 10, 4096)
Shape de cada cara: (3,)
Shape de cada cara: (11,)
Shape de cada cara: (11,)
Shape de cada cara: (7,)
Shape de cada cara: (17,)
Shape de cada cara: (11,)
Shape de cada cara: (16, 10, 4096)
Shape de cada cara: (14, 10, 4096)
Shape de cada cara: (5,)
Shape de cada cara: (8,)
Shape de cada cara: (5,)
Shape de cada cara: (7,)
Shape de cada cara: (10,)
Shape de cada cara: (14,)
Shape de cada cara: (13,)
Shape de cada cara: (8,)
Shape de cada cara: (4,)
Shape de cada cara: (5,)
Shape de cada cara: (13, 10, 4096)
Shape de cada cara: (6,)
Shape de cada cara: (7, 10, 4096)
Shape de cada cara: (9,)
Shape de cada cara: (14,)
Shape de cada cara: (10,)
Shape de cada cara: (5,)
Shape de cada cara: (10,)
Shape de cada cara: (15,)
Shape de cada cara: (11,)
Shape de cada cara: (15,)
Shape de cada cara: (7,)
Shape de cada cara: (6,)
Shape de cada cara: (8,)
Shape de cada cara: (7,)
Shape de cada cara: (9, 10, 4096)
Shape de cada cara: (11,)
Shape de cada cara: (13,)
Shape de cada cara: (4,)
Shape de cada cara: (8,)
Shape de cada cara: (13,)
Shape de cada cara: (12,)
Shape de cada cara: (4, 10, 4096)
Shape de cada cara: (12,)
Shape de cada cara: (13, 10, 4096)
Shape de cada cara: (9, 10, 4096)
Shape de cada cara: (11, 10, 4096)
Shape de cada cara: (9,)
Shape de cada cara: (17,)
Shape de cada cara: (12,)
Shape de cada cara: (11, 10, 4096)
Shape de cada cara: (16,)
Shape de cada cara: (3,)
Shape de cada cara: (4,)
Shape de cada cara: (5,)
Shape de cada cara: (15, 10, 4096)
Shape de cada cara: (8,)
Shape de cada cara: (6, 10, 4096)
Shape de cada cara: (16,)
Shape de cada cara: (5,)
Shape de cada cara: (5,)
Shape de cada cara: (12,)
Shape de cada cara: (9,)
Shape de cada cara: (36,)
Shape de cada cara: (11,)
Shape de cada cara: (10,)
Shape de cada cara: (8, 10, 4096)
Shape de cada cara: (3,)
Shape de cada cara: (13,)
Shape de cada cara: (8,)
Shape de cada cara: (5,)
Shape de cada cara: (14,)
Shape de cada cara: (5, 10, 4096)
Shape de cada cara: (4,)
Shape de cada cara: (7,)
Shape de cada cara: (8,)
Shape de cada cara: (11,)
Shape de cada cara: (9,)
Shape de cada cara: (18,)
Shape de cada cara: (14,)
Shape de cada cara: (11,)
Shape de cada cara: (5,)
Shape de cada cara: (14,)
Shape de cada cara: (7, 10, 4096)
Shape de cada cara: (4,)
Shape de cada cara: (5,)
Shape de cada cara: (15,)
Shape de cada cara: (13,)
Shape de cada cara: (7,)
Shape de cada cara: (11,)
Shape de cada cara: (9,)
Shape de cada cara: (16,)
Shape de cada cara: (12,)
Shape de cada cara: (12,)
Shape de cada cara: (10,)
Shape de cada cara: (11,)
Shape de cada cara: (12,)
Shape de cada cara: (6,)
Shape de cada cara: (9,)
Shape de cada cara: (3, 10, 4096)
Shape de cada cara: (11,)
Shape de cada cara: (8,)
Shape de cada cara: (11,)
Shape de cada cara: (5,)
Shape de cada cara: (16,)
Shape de cada cara: (13,)
Shape de cada cara: (14,)
Shape de cada cara: (11,)
Shape de cada cara: (7,)
Shape de cada cara: (6,)
Shape de cada cara: (15,)
Shape de cada cara: (12,)
Shape de cada cara: (6,)
Shape de cada cara: (15,)
Shape de cada cara: (7,)
Shape de cada cara: (13,)
Shape de cada cara: (7,)
Shape de cada cara: (7,)
Shape de cada cara: (7,)
Shape de cada cara: (12,)
Shape de cada cara: (10,)
Shape de cada cara: (5,)
Shape de cada cara: (5,)
Shape de cada cara: (19,)
Shape de cada cara: (4,)
Shape de cada cara: (3,)
Shape de cada cara: (7, 10, 4096)
Shape de cada cara: (12,)
Shape de cada cara: (12,)
Shape de cada cara: (15, 10, 4096)
Shape de cada cara: (4,)
Shape de cada cara: (6,)
Shape de cada cara: (6,)
Shape de cada cara: (8,)
Shape de cada cara: (7, 10, 4096)
Shape de cada cara: (10,)
Shape de cada cara: (6,)
Shape de cada cara: (9,)
Shape de cada cara: (11,)
Shape de cada cara: (8,)
Shape de cada cara: (7,)
Shape de cada cara: (8,)
Shape de cada cara: (8,)
Shape de cada cara: (3,)
Shape de cada cara: (16,)
Shape de cada cara: (9,)
Shape de cada cara: (10, 10, 4096)
Shape de cada cara: (13,)
Shape de cada cara: (12,)
Shape de cada cara: (9,)
Shape de cada cara: (12,)
Shape de cada cara: (5,)
Shape de cada cara: (11,)
Shape de cada cara: (12,)
Shape de cada cara: (3,)
Shape de cada cara: (9,)
Shape de cada cara: (3,)
Shape de cada cara: (11,)
Shape de cada cara: (15,)
Shape de cada cara: (5,)
Shape de cada cara: (17,)
Shape de cada cara: (14,)
Shape de cada cara: (17,)
Shape de cada cara: (8,)
Shape de cada cara: (14, 10, 4096)
Shape de cada cara: (6,)
Shape de cada cara: (5,)
Shape de cada cara: (11, 10, 4096)
Shape de cada cara: (11, 10, 4096)
Shape de cada cara: (15,)
Shape de cada cara: (9,)
Shape de cada cara: (12,)
Shape de cada cara: (11,)
Shape de cada cara: (6,)
Shape de cada cara: (10,)
Shape de cada cara: (11, 10, 4096)
Shape de cada cara: (9,)
Shape de cada cara: (10,)
Shape de cada cara: (5,)
Shape de cada cara: (8,)
Shape de cada cara: (9, 10, 4096)
Shape de cada cara: (7,)
Shape de cada cara: (14,)
Shape de cada cara: (8,)
Shape de cada cara: (6,)
Shape de cada cara: (6, 10, 4096)
Shape de cada cara: (10, 10, 4096)
Shape de cada cara: (5,)
Shape de cada cara: (7,)
Shape de cada cara: (17,)
Shape de cada cara: (15,)
Shape de cada cara: (4,)
Shape de cada cara: (4, 10, 4096)
Shape de cada cara: (6,)
Shape de cada cara: (7,)
Shape de cada cara: (16,)
Shape de cada cara: (5,)
Shape de cada cara: (8, 10, 4096)
Shape de cada cara: (11,)
Shape de cada cara: (6,)
Shape de cada cara: (4,)
Shape de cada cara: (6,)
Shape de cada cara: (11,)
Shape de cada cara: (4,)
Shape de cada cara: (11,)
Shape de cada cara: (6,)
Shape de cada cara: (9,)
Shape de cada cara: (9,)
Shape de cada cara: (6,)
Shape de cada cara: (11,)
Shape de cada cara: (25,)
Shape de cada cara: (10,)
Shape de cada cara: (5,)
Shape de cada cara: (6,)
Shape de cada cara: (12,)
Shape de cada cara: (5, 10, 4096)
Shape de cada cara: (11,)
Shape de cada cara: (4,)
Shape de cada cara: (10,)
Shape de cada cara: (9, 10, 4096)
Shape de cada cara: (7, 10, 4096)
Shape de cada cara: (7,)
Shape de cada cara: (7, 10, 4096)
Shape de cada cara: (11,)
Shape de cada cara: (11,)
Shape de cada cara: (9,)
Shape de cada cara: (10,)
Shape de cada cara: (3,)
Shape de cada cara: (13,)
Shape de cada cara: (8,)
Shape de cada cara: (7,)
Shape de cada cara: (5,)
Shape de cada cara: (5,)
Shape de cada cara: (14, 10, 4096)
Shape de cada cara: (17,)
Shape de cada cara: (5,)
Shape de cada cara: (14,)
Shape de cada cara: (5, 10, 4096)
Shape de cada cara: (10,)
Shape de cada cara: (14,)
Shape de cada cara: (8,)
Shape de cada cara: (7, 10, 4096)
Shape de cada cara: (7,)
Shape de cada cara: (4, 10, 4096)
Shape de cada cara: (8,)
Shape de cada cara: (10,)
Shape de cada cara: (11,)
Shape de cada cara: (8,)
Shape de cada cara: (4, 10, 4096)
Shape de cada cara: (9,)
Shape de cada cara: (5,)
Shape de cada cara: (10,)
Shape de cada cara: (13,)
Shape de cada cara: (13,)
Shape de cada cara: (9,)
Shape de cada cara: (11,)
Shape de cada cara: (10,)
Shape de cada cara: (12,)
Shape de cada cara: (10,)
Shape de cada cara: (10,)
Shape de cada cara: (3,)
Shape de cada cara: (15,)
Shape de cada cara: (13,)
Shape de cada cara: (10,)
Shape de cada cara: (11, 10, 4096)
Shape de cada cara: (7, 10, 4096)
Shape de cada cara: (7,)
Shape de cada cara: (10,)
Shape de cada cara: (10, 10, 4096)
Shape de cada cara: (2, 10, 4096)
Shape de cada cara: (6, 10, 4096)
Shape de cada cara: (5,)
Shape de cada cara: (20,)
Shape de cada cara: (5,)
Shape de cada cara: (4, 10, 4096)
Shape de cada cara: (14,)
Shape de cada cara: (9, 10, 4096)
Shape de cada cara: (9,)
Shape de cada cara: (16,)
Shape de cada cara: (13,)
Shape de cada cara: (14, 10, 4096)
Shape de cada cara: (6, 10, 4096)
Shape de cada cara: (11,)
Shape de cada cara: (3,)
Shape de cada cara: (6,)
Shape de cada cara: (8,)
Shape de cada cara: (8,)
Shape de cada cara: (13,)
Shape de cada cara: (15, 10, 4096)
Shape de cada cara: (21,)
Shape de cada cara: (10,)
Shape de cada cara: (16,)
Shape de cada cara: (10,)
Shape de cada cara: (5,)
Shape de cada cara: (6,)
Shape de cada cara: (7,)
Shape de cada cara: (15,)
Shape de cada cara: (15,)
Shape de cada cara: (10,)
Shape de cada cara: (5,)
Shape de cada cara: (17,)
Shape de cada cara: (11,)
Shape de cada cara: (11,)
Shape de cada cara: (12,)
Shape de cada cara: (13, 10, 4096)
Shape de cada cara: (6, 10, 4096)
Shape de cada cara: (5,)
Shape de cada cara: (11,)
Shape de cada cara: (10,)
Shape de cada cara: (3,)
Shape de cada cara: (6,)
Shape de cada cara: (9,)
Shape de cada cara: (7,)
Shape de cada cara: (13,)
Shape de cada cara: (10,)
Shape de cada cara: (4,)
Shape de cada cara: (18,)
Shape de cada cara: (16,)
Shape de cada cara: (4,)
Shape de cada cara: (15,)
Shape de cada cara: (4,)
Shape de cada cara: (11,)
Shape de cada cara: (14,)
Shape de cada cara: (6,)
Shape de cada cara: (4,)
Shape de cada cara: (7,)
Shape de cada cara: (5,)
Shape de cada cara: (10,)
Shape de cada cara: (9,)
Shape de cada cara: (6, 10, 4096)
Shape de cada cara: (12,)
Shape de cada cara: (5,)
Shape de cada cara: (7,)
Shape de cada cara: (6,)
Shape de cada cara: (8, 10, 4096)
Shape de cada cara: (5,)
Shape de cada cara: (8,)
Shape de cada cara: (6,)
Shape de cada cara: (11,)
Shape de cada cara: (9,)
Shape de cada cara: (5,)
Shape de cada cara: (14,)
Shape de cada cara: (8,)
Shape de cada cara: (11,)
Shape de cada cara: (8,)
Shape de cada cara: (6,)
Shape de cada cara: (9,)
Shape de cada cara: (18, 10, 4096)
Shape de cada cara: (7,)
Shape de cada cara: (6,)
Shape de cada cara: (13,)
Shape de cada cara: (8,)
Shape de cada cara: (5,)
Shape de cada cara: (3,)
Shape de cada cara: (5,)
Shape de cada cara: (10,)
Shape de cada cara: (10,)
Shape de cada cara: (5, 10, 4096)
Shape de cada cara: (8,)
Shape de cada cara: (9,)
Shape de cada cara: (8, 10, 4096)
Shape de cada cara: (9,)
